{"/Users/lazarimr/code/nqode-todoapp/postcss.config.cjs": {"path":"/Users/lazarimr/code/nqode-todoapp/postcss.config.cjs","all":true,"statementMap":{},"s":{},"branchMap":{"0":{"type":"branch","line":1,"loc":{"start":{"line":1,"column":0},"end":{"line":1,"column":0}},"locations":[{"start":{"line":1,"column":0},"end":{"line":1,"column":0}}]}},"b":{"0":[1]},"fnMap":{"0":{"name":"(empty-report)","decl":{"start":{"line":1,"column":0},"end":{"line":1,"column":0}},"loc":{"start":{"line":1,"column":0},"end":{"line":1,"column":0}},"line":1}},"f":{"0":1}}
,"/Users/lazarimr/code/nqode-todoapp/postcss.config.js": {"path":"/Users/lazarimr/code/nqode-todoapp/postcss.config.js","all":true,"statementMap":{"0":{"start":{"line":1,"column":0},"end":{"line":1,"column":16}},"1":{"start":{"line":2,"column":0},"end":{"line":2,"column":14}},"2":{"start":{"line":3,"column":0},"end":{"line":3,"column":22}},"3":{"start":{"line":4,"column":0},"end":{"line":4,"column":23}},"4":{"start":{"line":5,"column":0},"end":{"line":5,"column":6}},"5":{"start":{"line":6,"column":0},"end":{"line":6,"column":3}}},"s":{"0":0,"1":0,"2":0,"3":0,"4":0,"5":0},"branchMap":{"0":{"type":"branch","line":1,"loc":{"start":{"line":1,"column":0},"end":{"line":6,"column":-10}},"locations":[{"start":{"line":1,"column":0},"end":{"line":6,"column":-10}}]}},"b":{"0":[0]},"fnMap":{"0":{"name":"(empty-report)","decl":{"start":{"line":1,"column":0},"end":{"line":6,"column":-10}},"loc":{"start":{"line":1,"column":0},"end":{"line":6,"column":-10}},"line":1}},"f":{"0":0}}
,"/Users/lazarimr/code/nqode-todoapp/tailwind.config.cjs": {"path":"/Users/lazarimr/code/nqode-todoapp/tailwind.config.cjs","all":true,"statementMap":{"0":{"start":{"line":1,"column":0},"end":{"line":1,"column":43}},"1":{"start":{"line":2,"column":0},"end":{"line":2,"column":18}},"2":{"start":{"line":3,"column":0},"end":{"line":3,"column":47}},"3":{"start":{"line":4,"column":0},"end":{"line":4,"column":10}},"4":{"start":{"line":5,"column":0},"end":{"line":5,"column":13}},"5":{"start":{"line":6,"column":0},"end":{"line":6,"column":19}},"6":{"start":{"line":7,"column":0},"end":{"line":7,"column":44}},"7":{"start":{"line":8,"column":0},"end":{"line":8,"column":8}},"8":{"start":{"line":9,"column":0},"end":{"line":9,"column":15}},"9":{"start":{"line":10,"column":0},"end":{"line":10,"column":20}},"10":{"start":{"line":11,"column":0},"end":{"line":11,"column":29}},"11":{"start":{"line":12,"column":0},"end":{"line":12,"column":10}},"12":{"start":{"line":13,"column":0},"end":{"line":13,"column":15}},"13":{"start":{"line":14,"column":0},"end":{"line":14,"column":29}},"14":{"start":{"line":15,"column":0},"end":{"line":15,"column":10}},"15":{"start":{"line":16,"column":0},"end":{"line":16,"column":14}},"16":{"start":{"line":17,"column":0},"end":{"line":17,"column":29}},"17":{"start":{"line":18,"column":0},"end":{"line":18,"column":10}},"18":{"start":{"line":19,"column":0},"end":{"line":19,"column":8}},"19":{"start":{"line":20,"column":0},"end":{"line":20,"column":6}},"20":{"start":{"line":21,"column":0},"end":{"line":21,"column":4}},"21":{"start":{"line":22,"column":0},"end":{"line":22,"column":14}},"22":{"start":{"line":23,"column":0},"end":{"line":23,"column":2}}},"s":{"0":0,"1":0,"2":0,"3":0,"4":0,"5":0,"6":0,"7":0,"8":0,"9":0,"10":0,"11":0,"12":0,"13":0,"14":0,"15":0,"16":0,"17":0,"18":0,"19":0,"20":0,"21":0,"22":0},"branchMap":{"0":{"type":"branch","line":1,"loc":{"start":{"line":1,"column":439},"end":{"line":23,"column":2}},"locations":[{"start":{"line":1,"column":439},"end":{"line":23,"column":2}}]}},"b":{"0":[0]},"fnMap":{"0":{"name":"(empty-report)","decl":{"start":{"line":1,"column":439},"end":{"line":23,"column":2}},"loc":{"start":{"line":1,"column":439},"end":{"line":23,"column":2}},"line":1}},"f":{"0":0}}
,"/Users/lazarimr/code/nqode-todoapp/src/App.tsx": {"path":"/Users/lazarimr/code/nqode-todoapp/src/App.tsx","all":false,"statementMap":{"0":{"start":{"line":1,"column":0},"end":{"line":1,"column":59}},"1":{"start":{"line":2,"column":0},"end":{"line":2,"column":38}},"2":{"start":{"line":3,"column":0},"end":{"line":3,"column":39}},"3":{"start":{"line":4,"column":0},"end":{"line":4,"column":47}},"5":{"start":{"line":6,"column":0},"end":{"line":6,"column":69}},"6":{"start":{"line":7,"column":0},"end":{"line":7,"column":29}},"7":{"start":{"line":8,"column":0},"end":{"line":8,"column":60}},"8":{"start":{"line":9,"column":0},"end":{"line":9,"column":2}},"10":{"start":{"line":11,"column":0},"end":{"line":11,"column":19}},"11":{"start":{"line":12,"column":0},"end":{"line":12,"column":10}},"12":{"start":{"line":13,"column":0},"end":{"line":13,"column":12}},"13":{"start":{"line":14,"column":0},"end":{"line":14,"column":49}},"14":{"start":{"line":15,"column":0},"end":{"line":15,"column":12}},"15":{"start":{"line":16,"column":0},"end":{"line":16,"column":16}},"16":{"start":{"line":17,"column":0},"end":{"line":17,"column":17}},"17":{"start":{"line":18,"column":0},"end":{"line":18,"column":26}},"18":{"start":{"line":19,"column":0},"end":{"line":19,"column":25}},"19":{"start":{"line":20,"column":0},"end":{"line":20,"column":27}},"21":{"start":{"line":22,"column":0},"end":{"line":22,"column":8}},"22":{"start":{"line":23,"column":0},"end":{"line":23,"column":13}},"24":{"start":{"line":25,"column":0},"end":{"line":25,"column":2}},"26":{"start":{"line":27,"column":0},"end":{"line":27,"column":19}}},"s":{"0":1,"1":1,"2":1,"3":1,"5":1,"6":4,"7":4,"8":4,"10":1,"11":3,"12":3,"13":3,"14":3,"15":3,"16":3,"17":3,"18":3,"19":3,"21":3,"22":3,"24":3,"26":1},"branchMap":{"0":{"type":"branch","line":6,"loc":{"start":{"line":6,"column":23},"end":{"line":9,"column":2}},"locations":[{"start":{"line":6,"column":23},"end":{"line":9,"column":2}}]},"1":{"type":"branch","line":8,"loc":{"start":{"line":8,"column":9},"end":{"line":8,"column":27}},"locations":[{"start":{"line":8,"column":9},"end":{"line":8,"column":27}}]},"2":{"type":"branch","line":8,"loc":{"start":{"line":8,"column":16},"end":{"line":8,"column":60}},"locations":[{"start":{"line":8,"column":16},"end":{"line":8,"column":60}}]},"3":{"type":"branch","line":11,"loc":{"start":{"line":11,"column":12},"end":{"line":25,"column":2}},"locations":[{"start":{"line":11,"column":12},"end":{"line":25,"column":2}}]}},"b":{"0":[4],"1":[3],"2":[1],"3":[3]},"fnMap":{"0":{"name":"ProtectedRoute","decl":{"start":{"line":6,"column":23},"end":{"line":9,"column":2}},"loc":{"start":{"line":6,"column":23},"end":{"line":9,"column":2}},"line":6},"1":{"name":"App","decl":{"start":{"line":11,"column":12},"end":{"line":25,"column":2}},"loc":{"start":{"line":11,"column":12},"end":{"line":25,"column":2}},"line":11}},"f":{"0":4,"1":3}}
,"/Users/lazarimr/code/nqode-todoapp/src/main.tsx": {"path":"/Users/lazarimr/code/nqode-todoapp/src/main.tsx","all":true,"statementMap":{"0":{"start":{"line":1,"column":0},"end":{"line":1,"column":26}},"1":{"start":{"line":2,"column":0},"end":{"line":2,"column":40}},"2":{"start":{"line":3,"column":0},"end":{"line":3,"column":49}},"3":{"start":{"line":4,"column":0},"end":{"line":4,"column":39}},"4":{"start":{"line":5,"column":0},"end":{"line":5,"column":38}},"5":{"start":{"line":6,"column":0},"end":{"line":6,"column":24}},"6":{"start":{"line":7,"column":0},"end":{"line":7,"column":21}},"8":{"start":{"line":9,"column":0},"end":{"line":9,"column":61}},"9":{"start":{"line":10,"column":0},"end":{"line":10,"column":20}},"10":{"start":{"line":11,"column":0},"end":{"line":11,"column":28}},"11":{"start":{"line":12,"column":0},"end":{"line":12,"column":21}},"12":{"start":{"line":13,"column":0},"end":{"line":13,"column":15}},"13":{"start":{"line":14,"column":0},"end":{"line":14,"column":22}},"14":{"start":{"line":15,"column":0},"end":{"line":15,"column":15}},"15":{"start":{"line":16,"column":0},"end":{"line":16,"column":21}},"16":{"start":{"line":17,"column":0},"end":{"line":17,"column":2}}},"s":{"0":0,"1":0,"2":0,"3":0,"4":0,"5":0,"6":0,"8":0,"9":0,"10":0,"11":0,"12":0,"13":0,"14":0,"15":0,"16":0},"branchMap":{"0":{"type":"branch","line":1,"loc":{"start":{"line":1,"column":387},"end":{"line":17,"column":-299}},"locations":[{"start":{"line":1,"column":387},"end":{"line":17,"column":-299}}]}},"b":{"0":[0]},"fnMap":{"0":{"name":"(empty-report)","decl":{"start":{"line":1,"column":387},"end":{"line":17,"column":-299}},"loc":{"start":{"line":1,"column":387},"end":{"line":17,"column":-299}},"line":1}},"f":{"0":0}}
,"/Users/lazarimr/code/nqode-todoapp/src/components/AddTask.tsx": {"path":"/Users/lazarimr/code/nqode-todoapp/src/components/AddTask.tsx","all":false,"statementMap":{"0":{"start":{"line":1,"column":0},"end":{"line":1,"column":33}},"1":{"start":{"line":2,"column":0},"end":{"line":2,"column":42}},"2":{"start":{"line":3,"column":0},"end":{"line":3,"column":48}},"4":{"start":{"line":5,"column":0},"end":{"line":5,"column":42}},"5":{"start":{"line":6,"column":0},"end":{"line":6,"column":52}},"7":{"start":{"line":8,"column":0},"end":{"line":8,"column":23}},"8":{"start":{"line":9,"column":0},"end":{"line":9,"column":39}},"9":{"start":{"line":10,"column":0},"end":{"line":10,"column":60}},"10":{"start":{"line":11,"column":0},"end":{"line":11,"column":46}},"12":{"start":{"line":13,"column":0},"end":{"line":13,"column":48}},"13":{"start":{"line":14,"column":0},"end":{"line":14,"column":23}},"14":{"start":{"line":15,"column":0},"end":{"line":15,"column":29}},"16":{"start":{"line":17,"column":0},"end":{"line":17,"column":13}},"17":{"start":{"line":18,"column":0},"end":{"line":18,"column":77}},"18":{"start":{"line":19,"column":0},"end":{"line":19,"column":6}},"19":{"start":{"line":20,"column":0},"end":{"line":20,"column":16}},"20":{"start":{"line":21,"column":0},"end":{"line":21,"column":21}},"21":{"start":{"line":22,"column":0},"end":{"line":22,"column":4}},"23":{"start":{"line":24,"column":0},"end":{"line":24,"column":10}},"24":{"start":{"line":25,"column":0},"end":{"line":25,"column":9}},"25":{"start":{"line":26,"column":0},"end":{"line":26,"column":29}},"26":{"start":{"line":27,"column":0},"end":{"line":27,"column":88}},"28":{"start":{"line":29,"column":0},"end":{"line":29,"column":12}},"29":{"start":{"line":30,"column":0},"end":{"line":30,"column":19}},"30":{"start":{"line":31,"column":0},"end":{"line":31,"column":20}},"31":{"start":{"line":32,"column":0},"end":{"line":32,"column":49}},"32":{"start":{"line":33,"column":0},"end":{"line":33,"column":39}},"33":{"start":{"line":34,"column":0},"end":{"line":34,"column":142}},"34":{"start":{"line":35,"column":0},"end":{"line":35,"column":8}},"35":{"start":{"line":36,"column":0},"end":{"line":36,"column":83}},"36":{"start":{"line":37,"column":0},"end":{"line":37,"column":19}},"37":{"start":{"line":38,"column":0},"end":{"line":38,"column":28}},"38":{"start":{"line":39,"column":0},"end":{"line":39,"column":47}},"39":{"start":{"line":40,"column":0},"end":{"line":40,"column":128}},"40":{"start":{"line":41,"column":0},"end":{"line":41,"column":43}},"41":{"start":{"line":42,"column":0},"end":{"line":42,"column":33}},"42":{"start":{"line":43,"column":0},"end":{"line":43,"column":30}},"43":{"start":{"line":44,"column":0},"end":{"line":44,"column":10}},"44":{"start":{"line":45,"column":0},"end":{"line":45,"column":15}},"45":{"start":{"line":46,"column":0},"end":{"line":46,"column":71}},"47":{"start":{"line":48,"column":0},"end":{"line":48,"column":27}},"48":{"start":{"line":49,"column":0},"end":{"line":49,"column":63}},"49":{"start":{"line":50,"column":0},"end":{"line":50,"column":48}},"50":{"start":{"line":51,"column":0},"end":{"line":51,"column":11}},"52":{"start":{"line":53,"column":0},"end":{"line":53,"column":38}},"53":{"start":{"line":54,"column":0},"end":{"line":54,"column":9}},"55":{"start":{"line":56,"column":0},"end":{"line":56,"column":17}},"56":{"start":{"line":57,"column":0},"end":{"line":57,"column":12}},"57":{"start":{"line":58,"column":0},"end":{"line":58,"column":11}},"59":{"start":{"line":60,"column":0},"end":{"line":60,"column":2}},"61":{"start":{"line":62,"column":0},"end":{"line":62,"column":23}}},"s":{"0":1,"1":1,"2":1,"4":1,"5":1,"7":1,"8":9,"9":9,"10":9,"12":9,"13":0,"14":0,"16":0,"17":0,"18":0,"19":0,"20":0,"21":0,"23":9,"24":9,"25":9,"26":9,"28":9,"29":9,"30":9,"31":9,"32":9,"33":9,"34":9,"35":9,"36":9,"37":9,"38":9,"39":9,"40":9,"41":9,"42":9,"43":9,"44":9,"45":9,"47":9,"48":0,"49":9,"50":9,"52":9,"53":9,"55":9,"56":9,"57":9,"59":9,"61":1},"branchMap":{"0":{"type":"branch","line":8,"loc":{"start":{"line":8,"column":16},"end":{"line":60,"column":2}},"locations":[{"start":{"line":8,"column":16},"end":{"line":60,"column":2}}]},"1":{"type":"branch","line":48,"loc":{"start":{"line":48,"column":12},"end":{"line":48,"column":27}},"locations":[{"start":{"line":48,"column":12},"end":{"line":48,"column":27}}]},"2":{"type":"branch","line":48,"loc":{"start":{"line":48,"column":20},"end":{"line":49,"column":63}},"locations":[{"start":{"line":48,"column":20},"end":{"line":49,"column":63}}]},"3":{"type":"branch","line":53,"loc":{"start":{"line":53,"column":21},"end":{"line":53,"column":38}},"locations":[{"start":{"line":53,"column":21},"end":{"line":53,"column":38}}]}},"b":{"0":[9],"1":[0],"2":[0],"3":[0]},"fnMap":{"0":{"name":"AddTask","decl":{"start":{"line":8,"column":16},"end":{"line":60,"column":2}},"loc":{"start":{"line":8,"column":16},"end":{"line":60,"column":2}},"line":8},"1":{"name":"handleSubmit","decl":{"start":{"line":13,"column":23},"end":{"line":22,"column":4}},"loc":{"start":{"line":13,"column":23},"end":{"line":22,"column":4}},"line":13},"2":{"name":"onChange","decl":{"start":{"line":32,"column":18},"end":{"line":32,"column":49}},"loc":{"start":{"line":32,"column":18},"end":{"line":32,"column":49}},"line":32},"3":{"name":"onChange","decl":{"start":{"line":39,"column":20},"end":{"line":39,"column":47}},"loc":{"start":{"line":39,"column":20},"end":{"line":39,"column":47}},"line":39}},"f":{"0":9,"1":0,"2":0,"3":0}}
,"/Users/lazarimr/code/nqode-todoapp/src/components/Dashboard.tsx": {"path":"/Users/lazarimr/code/nqode-todoapp/src/components/Dashboard.tsx","all":false,"statementMap":{"0":{"start":{"line":1,"column":0},"end":{"line":1,"column":42}},"1":{"start":{"line":2,"column":0},"end":{"line":2,"column":47}},"2":{"start":{"line":3,"column":0},"end":{"line":3,"column":35}},"3":{"start":{"line":4,"column":0},"end":{"line":4,"column":41}},"4":{"start":{"line":5,"column":0},"end":{"line":5,"column":37}},"5":{"start":{"line":6,"column":0},"end":{"line":6,"column":70}},"7":{"start":{"line":8,"column":0},"end":{"line":8,"column":25}},"8":{"start":{"line":9,"column":0},"end":{"line":9,"column":37}},"9":{"start":{"line":10,"column":0},"end":{"line":10,"column":33}},"10":{"start":{"line":11,"column":0},"end":{"line":11,"column":26}},"11":{"start":{"line":12,"column":0},"end":{"line":12,"column":30}},"12":{"start":{"line":13,"column":0},"end":{"line":13,"column":13}},"13":{"start":{"line":14,"column":0},"end":{"line":14,"column":23}},"14":{"start":{"line":15,"column":0},"end":{"line":15,"column":4}},"16":{"start":{"line":17,"column":0},"end":{"line":17,"column":10}},"17":{"start":{"line":18,"column":0},"end":{"line":18,"column":79}},"18":{"start":{"line":19,"column":0},"end":{"line":19,"column":117}},"19":{"start":{"line":20,"column":0},"end":{"line":20,"column":80}},"21":{"start":{"line":22,"column":0},"end":{"line":22,"column":13}},"22":{"start":{"line":23,"column":0},"end":{"line":23,"column":15}},"23":{"start":{"line":24,"column":0},"end":{"line":24,"column":32}},"24":{"start":{"line":25,"column":0},"end":{"line":25,"column":127}},"25":{"start":{"line":26,"column":0},"end":{"line":26,"column":9}},"27":{"start":{"line":28,"column":0},"end":{"line":28,"column":17}},"28":{"start":{"line":29,"column":0},"end":{"line":29,"column":12}},"29":{"start":{"line":30,"column":0},"end":{"line":30,"column":122}},"30":{"start":{"line":31,"column":0},"end":{"line":31,"column":18}},"31":{"start":{"line":32,"column":0},"end":{"line":32,"column":12}},"32":{"start":{"line":33,"column":0},"end":{"line":33,"column":26}},"33":{"start":{"line":34,"column":0},"end":{"line":34,"column":23}},"34":{"start":{"line":35,"column":0},"end":{"line":35,"column":24}},"35":{"start":{"line":36,"column":0},"end":{"line":36,"column":13}},"37":{"start":{"line":38,"column":0},"end":{"line":38,"column":12}},"38":{"start":{"line":39,"column":0},"end":{"line":39,"column":10}},"40":{"start":{"line":41,"column":0},"end":{"line":41,"column":2}},"42":{"start":{"line":43,"column":0},"end":{"line":43,"column":25}}},"s":{"0":1,"1":1,"2":1,"3":1,"4":1,"5":1,"7":1,"8":7,"9":7,"10":7,"11":7,"12":2,"13":2,"14":2,"16":7,"17":7,"18":7,"19":7,"21":7,"22":7,"23":7,"24":7,"25":7,"27":7,"28":7,"29":7,"30":7,"31":6,"32":6,"33":6,"34":6,"35":6,"37":7,"38":7,"40":7,"42":1},"branchMap":{"0":{"type":"branch","line":8,"loc":{"start":{"line":8,"column":18},"end":{"line":41,"column":2}},"locations":[{"start":{"line":8,"column":18},"end":{"line":41,"column":2}}]},"1":{"type":"branch","line":31,"loc":{"start":{"line":31,"column":9},"end":{"line":36,"column":13}},"locations":[{"start":{"line":31,"column":9},"end":{"line":36,"column":13}}]},"2":{"type":"branch","line":12,"loc":{"start":{"line":12,"column":23},"end":{"line":15,"column":4}},"locations":[{"start":{"line":12,"column":23},"end":{"line":15,"column":4}}]}},"b":{"0":[7],"1":[6],"2":[2]},"fnMap":{"0":{"name":"Dashboard","decl":{"start":{"line":8,"column":18},"end":{"line":41,"column":2}},"loc":{"start":{"line":8,"column":18},"end":{"line":41,"column":2}},"line":8},"1":{"name":"handleLogout","decl":{"start":{"line":12,"column":23},"end":{"line":15,"column":4}},"loc":{"start":{"line":12,"column":23},"end":{"line":15,"column":4}},"line":12}},"f":{"0":7,"1":2}}
,"/Users/lazarimr/code/nqode-todoapp/src/components/Login.tsx": {"path":"/Users/lazarimr/code/nqode-todoapp/src/components/Login.tsx","all":false,"statementMap":{"0":{"start":{"line":1,"column":0},"end":{"line":1,"column":44}},"1":{"start":{"line":2,"column":0},"end":{"line":2,"column":42}},"2":{"start":{"line":3,"column":0},"end":{"line":3,"column":47}},"4":{"start":{"line":5,"column":0},"end":{"line":5,"column":21}},"5":{"start":{"line":6,"column":0},"end":{"line":6,"column":33}},"6":{"start":{"line":7,"column":0},"end":{"line":7,"column":43}},"7":{"start":{"line":8,"column":0},"end":{"line":8,"column":47}},"8":{"start":{"line":9,"column":0},"end":{"line":9,"column":47}},"10":{"start":{"line":11,"column":0},"end":{"line":11,"column":29}},"11":{"start":{"line":12,"column":0},"end":{"line":12,"column":33}},"12":{"start":{"line":13,"column":0},"end":{"line":13,"column":13}},"13":{"start":{"line":14,"column":0},"end":{"line":14,"column":5}},"14":{"start":{"line":15,"column":0},"end":{"line":15,"column":30}},"15":{"start":{"line":16,"column":0},"end":{"line":16,"column":4}},"17":{"start":{"line":18,"column":0},"end":{"line":18,"column":19}},"18":{"start":{"line":19,"column":0},"end":{"line":19,"column":15}},"19":{"start":{"line":20,"column":0},"end":{"line":20,"column":20}},"20":{"start":{"line":21,"column":0},"end":{"line":21,"column":5}},"21":{"start":{"line":22,"column":0},"end":{"line":22,"column":23}},"23":{"start":{"line":24,"column":0},"end":{"line":24,"column":10}},"24":{"start":{"line":25,"column":0},"end":{"line":25,"column":93}},"25":{"start":{"line":26,"column":0},"end":{"line":26,"column":73}},"26":{"start":{"line":27,"column":0},"end":{"line":27,"column":11}},"27":{"start":{"line":28,"column":0},"end":{"line":28,"column":56}},"28":{"start":{"line":29,"column":0},"end":{"line":29,"column":35}},"29":{"start":{"line":30,"column":0},"end":{"line":30,"column":9}},"31":{"start":{"line":32,"column":0},"end":{"line":32,"column":13}},"33":{"start":{"line":34,"column":0},"end":{"line":34,"column":14}},"34":{"start":{"line":35,"column":0},"end":{"line":35,"column":21}},"35":{"start":{"line":36,"column":0},"end":{"line":36,"column":32}},"36":{"start":{"line":37,"column":0},"end":{"line":37,"column":44}},"37":{"start":{"line":38,"column":0},"end":{"line":38,"column":26}},"38":{"start":{"line":39,"column":0},"end":{"line":39,"column":55}},"39":{"start":{"line":40,"column":0},"end":{"line":40,"column":10}},"41":{"start":{"line":42,"column":0},"end":{"line":42,"column":14}},"42":{"start":{"line":43,"column":0},"end":{"line":43,"column":25}},"43":{"start":{"line":44,"column":0},"end":{"line":44,"column":32}},"44":{"start":{"line":45,"column":0},"end":{"line":45,"column":44}},"45":{"start":{"line":46,"column":0},"end":{"line":46,"column":26}},"46":{"start":{"line":47,"column":0},"end":{"line":47,"column":55}},"47":{"start":{"line":48,"column":0},"end":{"line":48,"column":10}},"48":{"start":{"line":49,"column":0},"end":{"line":49,"column":67}},"50":{"start":{"line":51,"column":0},"end":{"line":51,"column":15}},"51":{"start":{"line":52,"column":0},"end":{"line":52,"column":35}},"52":{"start":{"line":53,"column":0},"end":{"line":53,"column":31}},"53":{"start":{"line":54,"column":0},"end":{"line":54,"column":173}},"54":{"start":{"line":55,"column":0},"end":{"line":55,"column":43}},"55":{"start":{"line":56,"column":0},"end":{"line":56,"column":9}},"57":{"start":{"line":58,"column":0},"end":{"line":58,"column":17}},"58":{"start":{"line":59,"column":0},"end":{"line":59,"column":12}},"59":{"start":{"line":60,"column":0},"end":{"line":60,"column":10}},"61":{"start":{"line":62,"column":0},"end":{"line":62,"column":2}},"63":{"start":{"line":64,"column":0},"end":{"line":64,"column":21}}},"s":{"0":1,"1":1,"2":1,"4":1,"5":7,"6":7,"7":7,"8":7,"10":7,"11":1,"12":0,"13":0,"14":1,"15":1,"17":7,"18":5,"19":1,"20":1,"21":7,"23":7,"24":7,"25":7,"26":7,"27":7,"28":7,"29":7,"31":7,"33":7,"34":7,"35":7,"36":7,"37":7,"38":7,"39":7,"41":7,"42":7,"43":7,"44":7,"45":7,"46":7,"47":7,"48":7,"50":7,"51":7,"52":7,"53":7,"54":7,"55":7,"57":7,"58":7,"59":7,"61":7,"63":1},"branchMap":{"0":{"type":"branch","line":5,"loc":{"start":{"line":5,"column":14},"end":{"line":62,"column":2}},"locations":[{"start":{"line":5,"column":14},"end":{"line":62,"column":2}}]},"1":{"type":"branch","line":49,"loc":{"start":{"line":49,"column":9},"end":{"line":49,"column":67}},"locations":[{"start":{"line":49,"column":9},"end":{"line":49,"column":67}}]},"2":{"type":"branch","line":55,"loc":{"start":{"line":55,"column":21},"end":{"line":55,"column":43}},"locations":[{"start":{"line":55,"column":21},"end":{"line":55,"column":43}}]},"3":{"type":"branch","line":11,"loc":{"start":{"line":11,"column":22},"end":{"line":16,"column":4}},"locations":[{"start":{"line":11,"column":22},"end":{"line":16,"column":4}}]},"4":{"type":"branch","line":12,"loc":{"start":{"line":12,"column":32},"end":{"line":14,"column":5}},"locations":[{"start":{"line":12,"column":32},"end":{"line":14,"column":5}}]},"5":{"type":"branch","line":18,"loc":{"start":{"line":18,"column":12},"end":{"line":22,"column":5}},"locations":[{"start":{"line":18,"column":12},"end":{"line":22,"column":5}}]},"6":{"type":"branch","line":19,"loc":{"start":{"line":19,"column":14},"end":{"line":21,"column":5}},"locations":[{"start":{"line":19,"column":14},"end":{"line":21,"column":5}}]},"7":{"type":"branch","line":39,"loc":{"start":{"line":39,"column":20},"end":{"line":39,"column":55}},"locations":[{"start":{"line":39,"column":20},"end":{"line":39,"column":55}}]},"8":{"type":"branch","line":47,"loc":{"start":{"line":47,"column":20},"end":{"line":47,"column":55}},"locations":[{"start":{"line":47,"column":20},"end":{"line":47,"column":55}}]}},"b":{"0":[7],"1":[1],"2":[2],"3":[1],"4":[0],"5":[5],"6":[1],"7":[1],"8":[1]},"fnMap":{"0":{"name":"Login","decl":{"start":{"line":5,"column":14},"end":{"line":62,"column":2}},"loc":{"start":{"line":5,"column":14},"end":{"line":62,"column":2}},"line":5},"1":{"name":"handleLogin","decl":{"start":{"line":11,"column":22},"end":{"line":16,"column":4}},"loc":{"start":{"line":11,"column":22},"end":{"line":16,"column":4}},"line":11},"2":{"name":"onChange","decl":{"start":{"line":39,"column":20},"end":{"line":39,"column":55}},"loc":{"start":{"line":39,"column":20},"end":{"line":39,"column":55}},"line":39},"3":{"name":"onChange","decl":{"start":{"line":47,"column":20},"end":{"line":47,"column":55}},"loc":{"start":{"line":47,"column":20},"end":{"line":47,"column":55}},"line":47}},"f":{"0":7,"1":1,"2":1,"3":1}}
,"/Users/lazarimr/code/nqode-todoapp/src/components/TaskFilter.tsx": {"path":"/Users/lazarimr/code/nqode-todoapp/src/components/TaskFilter.tsx","all":false,"statementMap":{"0":{"start":{"line":1,"column":0},"end":{"line":1,"column":55}},"2":{"start":{"line":3,"column":0},"end":{"line":3,"column":70}},"4":{"start":{"line":5,"column":0},"end":{"line":5,"column":26}},"5":{"start":{"line":6,"column":0},"end":{"line":6,"column":33}},"6":{"start":{"line":7,"column":0},"end":{"line":7,"column":77}},"8":{"start":{"line":9,"column":0},"end":{"line":9,"column":10}},"9":{"start":{"line":10,"column":0},"end":{"line":10,"column":76}},"10":{"start":{"line":11,"column":0},"end":{"line":11,"column":13}},"11":{"start":{"line":12,"column":0},"end":{"line":12,"column":57}},"12":{"start":{"line":13,"column":0},"end":{"line":13,"column":33}},"13":{"start":{"line":14,"column":0},"end":{"line":14,"column":38}},"14":{"start":{"line":15,"column":0},"end":{"line":15,"column":45}},"15":{"start":{"line":16,"column":0},"end":{"line":16,"column":11}},"16":{"start":{"line":17,"column":0},"end":{"line":17,"column":50}},"17":{"start":{"line":18,"column":0},"end":{"line":18,"column":7}},"19":{"start":{"line":20,"column":0},"end":{"line":20,"column":15}},"20":{"start":{"line":21,"column":0},"end":{"line":21,"column":13}},"21":{"start":{"line":22,"column":0},"end":{"line":22,"column":43}},"22":{"start":{"line":23,"column":0},"end":{"line":23,"column":36}},"23":{"start":{"line":24,"column":0},"end":{"line":24,"column":38}},"24":{"start":{"line":25,"column":0},"end":{"line":25,"column":45}},"25":{"start":{"line":26,"column":0},"end":{"line":26,"column":11}},"26":{"start":{"line":27,"column":0},"end":{"line":27,"column":53}},"27":{"start":{"line":28,"column":0},"end":{"line":28,"column":7}},"29":{"start":{"line":30,"column":0},"end":{"line":30,"column":15}},"30":{"start":{"line":31,"column":0},"end":{"line":31,"column":13}},"31":{"start":{"line":32,"column":0},"end":{"line":32,"column":43}},"32":{"start":{"line":33,"column":0},"end":{"line":33,"column":39}},"33":{"start":{"line":34,"column":0},"end":{"line":34,"column":38}},"34":{"start":{"line":35,"column":0},"end":{"line":35,"column":45}},"35":{"start":{"line":36,"column":0},"end":{"line":36,"column":11}},"36":{"start":{"line":37,"column":0},"end":{"line":37,"column":56}},"37":{"start":{"line":38,"column":0},"end":{"line":38,"column":7}},"39":{"start":{"line":40,"column":0},"end":{"line":40,"column":15}},"40":{"start":{"line":41,"column":0},"end":{"line":41,"column":13}},"41":{"start":{"line":42,"column":0},"end":{"line":42,"column":94}},"42":{"start":{"line":43,"column":0},"end":{"line":43,"column":54}},"43":{"start":{"line":44,"column":0},"end":{"line":44,"column":7}},"45":{"start":{"line":46,"column":0},"end":{"line":46,"column":15}},"46":{"start":{"line":47,"column":0},"end":{"line":47,"column":10}},"48":{"start":{"line":49,"column":0},"end":{"line":49,"column":2}},"50":{"start":{"line":51,"column":0},"end":{"line":51,"column":26}}},"s":{"0":1,"2":1,"4":1,"5":8,"6":8,"8":8,"9":8,"10":8,"11":8,"12":8,"13":8,"14":0,"15":8,"16":8,"17":8,"19":8,"20":8,"21":8,"22":8,"23":0,"24":8,"25":8,"26":8,"27":8,"29":8,"30":8,"31":8,"32":8,"33":0,"34":8,"35":8,"36":8,"37":8,"39":8,"40":8,"41":8,"42":8,"43":8,"45":8,"46":8,"48":8,"50":1},"branchMap":{"0":{"type":"branch","line":5,"loc":{"start":{"line":5,"column":19},"end":{"line":49,"column":2}},"locations":[{"start":{"line":5,"column":19},"end":{"line":49,"column":2}}]},"1":{"type":"branch","line":14,"loc":{"start":{"line":14,"column":14},"end":{"line":15,"column":45}},"locations":[{"start":{"line":14,"column":14},"end":{"line":15,"column":45}}]},"2":{"type":"branch","line":23,"loc":{"start":{"line":23,"column":28},"end":{"line":24,"column":38}},"locations":[{"start":{"line":23,"column":28},"end":{"line":24,"column":38}}]},"3":{"type":"branch","line":33,"loc":{"start":{"line":33,"column":28},"end":{"line":34,"column":38}},"locations":[{"start":{"line":33,"column":28},"end":{"line":34,"column":38}}]},"4":{"type":"branch","line":7,"loc":{"start":{"line":7,"column":36},"end":{"line":7,"column":75}},"locations":[{"start":{"line":7,"column":36},"end":{"line":7,"column":75}}]},"5":{"type":"branch","line":27,"loc":{"start":{"line":27,"column":17},"end":{"line":27,"column":53}},"locations":[{"start":{"line":27,"column":17},"end":{"line":27,"column":53}}]},"6":{"type":"branch","line":37,"loc":{"start":{"line":37,"column":17},"end":{"line":37,"column":56}},"locations":[{"start":{"line":37,"column":17},"end":{"line":37,"column":56}}]},"7":{"type":"branch","line":43,"loc":{"start":{"line":43,"column":17},"end":{"line":43,"column":54}},"locations":[{"start":{"line":43,"column":17},"end":{"line":43,"column":54}}]}},"b":{"0":[8],"1":[0],"2":[0],"3":[0],"4":[18],"5":[1],"6":[1],"7":[1]},"fnMap":{"0":{"name":"TaskFilter","decl":{"start":{"line":5,"column":19},"end":{"line":49,"column":2}},"loc":{"start":{"line":5,"column":19},"end":{"line":49,"column":2}},"line":5},"1":{"name":"onClick","decl":{"start":{"line":17,"column":17},"end":{"line":17,"column":50}},"loc":{"start":{"line":17,"column":17},"end":{"line":17,"column":50}},"line":17},"2":{"name":"onClick","decl":{"start":{"line":27,"column":17},"end":{"line":27,"column":53}},"loc":{"start":{"line":27,"column":17},"end":{"line":27,"column":53}},"line":27},"3":{"name":"onClick","decl":{"start":{"line":37,"column":17},"end":{"line":37,"column":56}},"loc":{"start":{"line":37,"column":17},"end":{"line":37,"column":56}},"line":37},"4":{"name":"onClick","decl":{"start":{"line":43,"column":17},"end":{"line":43,"column":54}},"loc":{"start":{"line":43,"column":17},"end":{"line":43,"column":54}},"line":43}},"f":{"0":8,"1":0,"2":1,"3":1,"4":1}}
,"/Users/lazarimr/code/nqode-todoapp/src/components/TaskItem.tsx": {"path":"/Users/lazarimr/code/nqode-todoapp/src/components/TaskItem.tsx","all":false,"statementMap":{"0":{"start":{"line":1,"column":0},"end":{"line":1,"column":69}},"1":{"start":{"line":2,"column":0},"end":{"line":2,"column":42}},"8":{"start":{"line":9,"column":0},"end":{"line":9,"column":59}},"9":{"start":{"line":10,"column":0},"end":{"line":10,"column":46}},"11":{"start":{"line":12,"column":0},"end":{"line":12,"column":10}},"12":{"start":{"line":13,"column":0},"end":{"line":13,"column":68}},"13":{"start":{"line":14,"column":0},"end":{"line":14,"column":37}},"14":{"start":{"line":15,"column":0},"end":{"line":15,"column":13}},"15":{"start":{"line":16,"column":0},"end":{"line":16,"column":55}},"16":{"start":{"line":17,"column":0},"end":{"line":17,"column":39}},"17":{"start":{"line":18,"column":0},"end":{"line":18,"column":62}},"18":{"start":{"line":19,"column":0},"end":{"line":19,"column":13}},"20":{"start":{"line":21,"column":0},"end":{"line":21,"column":21}},"21":{"start":{"line":22,"column":0},"end":{"line":22,"column":15}},"22":{"start":{"line":23,"column":0},"end":{"line":23,"column":26}},"23":{"start":{"line":24,"column":0},"end":{"line":24,"column":50}},"24":{"start":{"line":25,"column":0},"end":{"line":25,"column":62}},"25":{"start":{"line":26,"column":0},"end":{"line":26,"column":17}},"27":{"start":{"line":28,"column":0},"end":{"line":28,"column":12}},"28":{"start":{"line":29,"column":0},"end":{"line":29,"column":13}},"29":{"start":{"line":30,"column":0},"end":{"line":30,"column":53}},"30":{"start":{"line":31,"column":0},"end":{"line":31,"column":130}},"31":{"start":{"line":32,"column":0},"end":{"line":32,"column":7}},"33":{"start":{"line":34,"column":0},"end":{"line":34,"column":15}},"34":{"start":{"line":35,"column":0},"end":{"line":35,"column":10}},"36":{"start":{"line":37,"column":0},"end":{"line":37,"column":1}}},"s":{"0":1,"1":1,"8":5,"9":5,"11":5,"12":5,"13":5,"14":5,"15":5,"16":5,"17":5,"18":5,"20":5,"21":5,"22":5,"23":3,"24":3,"25":3,"27":5,"28":5,"29":5,"30":5,"31":5,"33":5,"34":5,"36":5},"branchMap":{"0":{"type":"branch","line":9,"loc":{"start":{"line":9,"column":0},"end":{"line":37,"column":1}},"locations":[{"start":{"line":9,"column":0},"end":{"line":37,"column":1}}]},"1":{"type":"branch","line":18,"loc":{"start":{"line":18,"column":17},"end":{"line":18,"column":60}},"locations":[{"start":{"line":18,"column":17},"end":{"line":18,"column":60}}]},"2":{"type":"branch","line":18,"loc":{"start":{"line":18,"column":29},"end":{"line":18,"column":62}},"locations":[{"start":{"line":18,"column":29},"end":{"line":18,"column":62}}]},"3":{"type":"branch","line":23,"loc":{"start":{"line":23,"column":14},"end":{"line":26,"column":17}},"locations":[{"start":{"line":23,"column":14},"end":{"line":26,"column":17}}]},"4":{"type":"branch","line":16,"loc":{"start":{"line":16,"column":19},"end":{"line":16,"column":55}},"locations":[{"start":{"line":16,"column":19},"end":{"line":16,"column":55}}]},"5":{"type":"branch","line":30,"loc":{"start":{"line":30,"column":17},"end":{"line":30,"column":53}},"locations":[{"start":{"line":30,"column":17},"end":{"line":30,"column":53}}]}},"b":{"0":[5],"1":[1],"2":[4],"3":[3],"4":[1],"5":[1]},"fnMap":{"0":{"name":"TaskItem","decl":{"start":{"line":9,"column":0},"end":{"line":37,"column":1}},"loc":{"start":{"line":9,"column":0},"end":{"line":37,"column":1}},"line":9},"1":{"name":"onClick","decl":{"start":{"line":16,"column":19},"end":{"line":16,"column":55}},"loc":{"start":{"line":16,"column":19},"end":{"line":16,"column":55}},"line":16},"2":{"name":"onClick","decl":{"start":{"line":30,"column":17},"end":{"line":30,"column":53}},"loc":{"start":{"line":30,"column":17},"end":{"line":30,"column":53}},"line":30}},"f":{"0":5,"1":1,"2":1}}
,"/Users/lazarimr/code/nqode-todoapp/src/components/TaskList.tsx": {"path":"/Users/lazarimr/code/nqode-todoapp/src/components/TaskList.tsx","all":false,"statementMap":{"0":{"start":{"line":1,"column":0},"end":{"line":1,"column":55}},"2":{"start":{"line":3,"column":0},"end":{"line":3,"column":37}},"3":{"start":{"line":4,"column":0},"end":{"line":4,"column":74}},"4":{"start":{"line":5,"column":0},"end":{"line":5,"column":53}},"7":{"start":{"line":8,"column":0},"end":{"line":8,"column":24}},"8":{"start":{"line":9,"column":0},"end":{"line":9,"column":33}},"9":{"start":{"line":10,"column":0},"end":{"line":10,"column":68}},"10":{"start":{"line":11,"column":0},"end":{"line":11,"column":70}},"12":{"start":{"line":13,"column":0},"end":{"line":13,"column":49}},"13":{"start":{"line":14,"column":0},"end":{"line":14,"column":36}},"14":{"start":{"line":15,"column":0},"end":{"line":15,"column":13}},"15":{"start":{"line":16,"column":0},"end":{"line":16,"column":20}},"16":{"start":{"line":17,"column":0},"end":{"line":17,"column":41}},"17":{"start":{"line":18,"column":0},"end":{"line":18,"column":51}},"18":{"start":{"line":19,"column":0},"end":{"line":19,"column":8}},"19":{"start":{"line":20,"column":0},"end":{"line":20,"column":6}},"20":{"start":{"line":21,"column":0},"end":{"line":21,"column":4}},"22":{"start":{"line":23,"column":0},"end":{"line":23,"column":48}},"23":{"start":{"line":24,"column":0},"end":{"line":24,"column":52}},"24":{"start":{"line":25,"column":0},"end":{"line":25,"column":54}},"25":{"start":{"line":26,"column":0},"end":{"line":26,"column":16}},"26":{"start":{"line":27,"column":0},"end":{"line":27,"column":5}},"28":{"start":{"line":29,"column":0},"end":{"line":29,"column":10}},"29":{"start":{"line":30,"column":0},"end":{"line":30,"column":75}},"30":{"start":{"line":31,"column":0},"end":{"line":31,"column":37}},"31":{"start":{"line":32,"column":0},"end":{"line":32,"column":71}},"33":{"start":{"line":34,"column":0},"end":{"line":34,"column":51}},"34":{"start":{"line":35,"column":0},"end":{"line":35,"column":41}},"35":{"start":{"line":36,"column":0},"end":{"line":36,"column":28}},"36":{"start":{"line":37,"column":0},"end":{"line":37,"column":17}},"37":{"start":{"line":38,"column":0},"end":{"line":38,"column":44}},"38":{"start":{"line":39,"column":0},"end":{"line":39,"column":39}},"39":{"start":{"line":40,"column":0},"end":{"line":40,"column":99}},"41":{"start":{"line":42,"column":0},"end":{"line":42,"column":61}},"42":{"start":{"line":43,"column":0},"end":{"line":43,"column":79}},"43":{"start":{"line":44,"column":0},"end":{"line":44,"column":36}},"44":{"start":{"line":45,"column":0},"end":{"line":45,"column":25}},"45":{"start":{"line":46,"column":0},"end":{"line":46,"column":47}},"46":{"start":{"line":47,"column":0},"end":{"line":47,"column":52}},"47":{"start":{"line":48,"column":0},"end":{"line":48,"column":53}},"48":{"start":{"line":49,"column":0},"end":{"line":49,"column":91}},"50":{"start":{"line":51,"column":0},"end":{"line":51,"column":48}},"51":{"start":{"line":52,"column":0},"end":{"line":52,"column":27}},"53":{"start":{"line":54,"column":0},"end":{"line":54,"column":30}},"54":{"start":{"line":55,"column":0},"end":{"line":55,"column":19}},"55":{"start":{"line":56,"column":0},"end":{"line":56,"column":38}},"56":{"start":{"line":57,"column":0},"end":{"line":57,"column":19}},"58":{"start":{"line":59,"column":0},"end":{"line":59,"column":22}},"59":{"start":{"line":60,"column":0},"end":{"line":60,"column":26}},"61":{"start":{"line":62,"column":0},"end":{"line":62,"column":10}},"63":{"start":{"line":64,"column":0},"end":{"line":64,"column":2}},"65":{"start":{"line":66,"column":0},"end":{"line":66,"column":24}}},"s":{"0":1,"2":1,"3":1,"4":1,"7":1,"8":10,"9":10,"10":10,"12":10,"13":0,"14":0,"15":0,"16":0,"17":0,"18":0,"19":0,"20":0,"22":10,"23":2,"24":2,"25":2,"26":10,"28":10,"29":10,"30":10,"31":9,"33":1,"34":1,"35":1,"36":1,"37":1,"38":1,"39":1,"41":1,"42":2,"43":2,"44":2,"45":2,"46":2,"47":2,"48":2,"50":2,"51":2,"53":2,"54":1,"55":1,"56":1,"58":1,"59":1,"61":10,"63":10,"65":1},"branchMap":{"0":{"type":"branch","line":8,"loc":{"start":{"line":8,"column":17},"end":{"line":64,"column":2}},"locations":[{"start":{"line":8,"column":17},"end":{"line":64,"column":2}}]},"1":{"type":"branch","line":31,"loc":{"start":{"line":31,"column":32},"end":{"line":32,"column":71}},"locations":[{"start":{"line":31,"column":32},"end":{"line":32,"column":71}}]},"2":{"type":"branch","line":32,"loc":{"start":{"line":32,"column":67},"end":{"line":60,"column":26}},"locations":[{"start":{"line":32,"column":67},"end":{"line":60,"column":26}}]},"3":{"type":"branch","line":10,"loc":{"start":{"line":10,"column":28},"end":{"line":10,"column":66}},"locations":[{"start":{"line":10,"column":28},"end":{"line":10,"column":66}}]},"4":{"type":"branch","line":11,"loc":{"start":{"line":11,"column":29},"end":{"line":11,"column":68}},"locations":[{"start":{"line":11,"column":29},"end":{"line":11,"column":68}}]},"5":{"type":"branch","line":23,"loc":{"start":{"line":23,"column":37},"end":{"line":27,"column":3}},"locations":[{"start":{"line":23,"column":37},"end":{"line":27,"column":3}}]},"6":{"type":"branch","line":24,"loc":{"start":{"line":24,"column":29},"end":{"line":24,"column":52}},"locations":[{"start":{"line":24,"column":29},"end":{"line":24,"column":52}}]},"7":{"type":"branch","line":25,"loc":{"start":{"line":25,"column":32},"end":{"line":25,"column":54}},"locations":[{"start":{"line":25,"column":32},"end":{"line":25,"column":54}}]},"8":{"type":"branch","line":36,"loc":{"start":{"line":36,"column":13},"end":{"line":57,"column":19}},"locations":[{"start":{"line":36,"column":13},"end":{"line":57,"column":19}}]},"9":{"type":"branch","line":42,"loc":{"start":{"line":42,"column":35},"end":{"line":54,"column":30}},"locations":[{"start":{"line":42,"column":35},"end":{"line":54,"column":30}}]},"10":{"type":"branch","line":44,"loc":{"start":{"line":44,"column":21},"end":{"line":52,"column":27}},"locations":[{"start":{"line":44,"column":21},"end":{"line":52,"column":27}}]}},"b":{"0":[10],"1":[9],"2":[1],"3":[19],"4":[19],"5":[2],"6":[0],"7":[0],"8":[1],"9":[2],"10":[2]},"fnMap":{"0":{"name":"TaskList","decl":{"start":{"line":8,"column":17},"end":{"line":64,"column":2}},"loc":{"start":{"line":8,"column":17},"end":{"line":64,"column":2}},"line":8},"1":{"name":"handleDragEnd","decl":{"start":{"line":13,"column":24},"end":{"line":21,"column":4}},"loc":{"start":{"line":13,"column":24},"end":{"line":21,"column":4}},"line":13},"2":{"name":"children","decl":{"start":{"line":36,"column":13},"end":{"line":57,"column":19}},"loc":{"start":{"line":36,"column":13},"end":{"line":57,"column":19}},"line":36},"3":{"name":"children","decl":{"start":{"line":44,"column":21},"end":{"line":52,"column":27}},"loc":{"start":{"line":44,"column":21},"end":{"line":52,"column":27}},"line":44}},"f":{"0":10,"1":0,"2":1,"3":2}}
,"/Users/lazarimr/code/nqode-todoapp/src/hooks/useAuth.ts": {"path":"/Users/lazarimr/code/nqode-todoapp/src/hooks/useAuth.ts","all":false,"statementMap":{"0":{"start":{"line":1,"column":0},"end":{"line":1,"column":33}},"1":{"start":{"line":2,"column":0},"end":{"line":2,"column":93}},"3":{"start":{"line":4,"column":0},"end":{"line":4,"column":23}},"4":{"start":{"line":5,"column":0},"end":{"line":5,"column":83}},"5":{"start":{"line":6,"column":0},"end":{"line":6,"column":60}},"6":{"start":{"line":7,"column":0},"end":{"line":7,"column":59}},"7":{"start":{"line":8,"column":0},"end":{"line":8,"column":66}},"8":{"start":{"line":9,"column":0},"end":{"line":9,"column":30}},"9":{"start":{"line":10,"column":0},"end":{"line":10,"column":46}},"10":{"start":{"line":11,"column":0},"end":{"line":11,"column":27}},"11":{"start":{"line":12,"column":0},"end":{"line":12,"column":16}},"12":{"start":{"line":13,"column":0},"end":{"line":13,"column":53}},"13":{"start":{"line":14,"column":0},"end":{"line":14,"column":9}},"14":{"start":{"line":15,"column":0},"end":{"line":15,"column":6}},"16":{"start":{"line":17,"column":0},"end":{"line":17,"column":26}},"17":{"start":{"line":18,"column":0},"end":{"line":18,"column":22}},"18":{"start":{"line":19,"column":0},"end":{"line":19,"column":35}},"19":{"start":{"line":20,"column":0},"end":{"line":20,"column":6}},"21":{"start":{"line":22,"column":0},"end":{"line":22,"column":42}},"22":{"start":{"line":23,"column":0},"end":{"line":23,"column":2}},"24":{"start":{"line":25,"column":0},"end":{"line":25,"column":23}}},"s":{"0":1,"1":1,"3":1,"4":8,"5":8,"6":8,"7":3,"8":1,"9":1,"10":1,"11":3,"12":2,"13":2,"14":3,"16":8,"17":1,"18":1,"19":1,"21":8,"22":8,"24":1},"branchMap":{"0":{"type":"branch","line":4,"loc":{"start":{"line":4,"column":16},"end":{"line":23,"column":2}},"locations":[{"start":{"line":4,"column":16},"end":{"line":23,"column":2}}]},"1":{"type":"branch","line":7,"loc":{"start":{"line":7,"column":18},"end":{"line":15,"column":6}},"locations":[{"start":{"line":7,"column":18},"end":{"line":15,"column":6}}]},"2":{"type":"branch","line":8,"loc":{"start":{"line":8,"column":25},"end":{"line":8,"column":65}},"locations":[{"start":{"line":8,"column":25},"end":{"line":8,"column":65}}]},"3":{"type":"branch","line":8,"loc":{"start":{"line":8,"column":65},"end":{"line":12,"column":15}},"locations":[{"start":{"line":8,"column":65},"end":{"line":12,"column":15}}]},"4":{"type":"branch","line":12,"loc":{"start":{"line":12,"column":8},"end":{"line":14,"column":9}},"locations":[{"start":{"line":12,"column":8},"end":{"line":14,"column":9}}]},"5":{"type":"branch","line":17,"loc":{"start":{"line":17,"column":19},"end":{"line":20,"column":6}},"locations":[{"start":{"line":17,"column":19},"end":{"line":20,"column":6}}]}},"b":{"0":[8],"1":[3],"2":[1],"3":[1],"4":[2],"5":[1]},"fnMap":{"0":{"name":"useAuth","decl":{"start":{"line":4,"column":16},"end":{"line":23,"column":2}},"loc":{"start":{"line":4,"column":16},"end":{"line":23,"column":2}},"line":4},"1":{"name":"login","decl":{"start":{"line":7,"column":18},"end":{"line":15,"column":6}},"loc":{"start":{"line":7,"column":18},"end":{"line":15,"column":6}},"line":7},"2":{"name":"logout","decl":{"start":{"line":17,"column":19},"end":{"line":20,"column":6}},"loc":{"start":{"line":17,"column":19},"end":{"line":20,"column":6}},"line":17}},"f":{"0":8,"1":3,"2":1}}
,"/Users/lazarimr/code/nqode-todoapp/src/hooks/useDeleteExpiredTasks.ts": {"path":"/Users/lazarimr/code/nqode-todoapp/src/hooks/useDeleteExpiredTasks.ts","all":false,"statementMap":{"0":{"start":{"line":1,"column":0},"end":{"line":1,"column":34}},"1":{"start":{"line":2,"column":0},"end":{"line":2,"column":42}},"3":{"start":{"line":4,"column":0},"end":{"line":4,"column":56}},"5":{"start":{"line":6,"column":0},"end":{"line":6,"column":37}},"6":{"start":{"line":7,"column":0},"end":{"line":7,"column":48}},"8":{"start":{"line":9,"column":0},"end":{"line":9,"column":21}},"9":{"start":{"line":10,"column":0},"end":{"line":10,"column":39}},"10":{"start":{"line":11,"column":0},"end":{"line":11,"column":46}},"11":{"start":{"line":12,"column":0},"end":{"line":12,"column":43}},"12":{"start":{"line":13,"column":0},"end":{"line":13,"column":34}},"14":{"start":{"line":15,"column":0},"end":{"line":15,"column":47}},"15":{"start":{"line":16,"column":0},"end":{"line":16,"column":19}},"16":{"start":{"line":17,"column":0},"end":{"line":17,"column":2}},"18":{"start":{"line":19,"column":0},"end":{"line":19,"column":37}}},"s":{"0":1,"1":1,"3":1,"5":1,"6":3,"8":3,"9":3,"10":3,"11":0,"12":3,"14":3,"15":3,"16":3,"18":1},"branchMap":{"0":{"type":"branch","line":6,"loc":{"start":{"line":6,"column":30},"end":{"line":17,"column":2}},"locations":[{"start":{"line":6,"column":30},"end":{"line":17,"column":2}}]},"1":{"type":"branch","line":9,"loc":{"start":{"line":9,"column":14},"end":{"line":16,"column":7}},"locations":[{"start":{"line":9,"column":14},"end":{"line":16,"column":7}}]},"2":{"type":"branch","line":15,"loc":{"start":{"line":15,"column":15},"end":{"line":15,"column":47}},"locations":[{"start":{"line":15,"column":15},"end":{"line":15,"column":47}}]}},"b":{"0":[3],"1":[3],"2":[3]},"fnMap":{"0":{"name":"useDeleteExpiredTasks","decl":{"start":{"line":6,"column":30},"end":{"line":17,"column":2}},"loc":{"start":{"line":6,"column":30},"end":{"line":17,"column":2}},"line":6}},"f":{"0":3}}
,"/Users/lazarimr/code/nqode-todoapp/src/store/store.ts": {"path":"/Users/lazarimr/code/nqode-todoapp/src/store/store.ts","all":false,"statementMap":{"0":{"start":{"line":1,"column":0},"end":{"line":1,"column":50}},"1":{"start":{"line":2,"column":0},"end":{"line":2,"column":38}},"3":{"start":{"line":4,"column":0},"end":{"line":4,"column":37}},"4":{"start":{"line":5,"column":0},"end":{"line":5,"column":12}},"5":{"start":{"line":6,"column":0},"end":{"line":6,"column":22}},"6":{"start":{"line":7,"column":0},"end":{"line":7,"column":4}},"7":{"start":{"line":8,"column":0},"end":{"line":8,"column":3}}},"s":{"0":1,"1":1,"3":1,"4":1,"5":1,"6":1,"7":1},"branchMap":{},"b":{},"fnMap":{},"f":{}}
,"/Users/lazarimr/code/nqode-todoapp/src/store/todoSlice.ts": {"path":"/Users/lazarimr/code/nqode-todoapp/src/store/todoSlice.ts","all":false,"statementMap":{"0":{"start":{"line":1,"column":0},"end":{"line":1,"column":62}},"1":{"start":{"line":2,"column":0},"end":{"line":2,"column":73}},"15":{"start":{"line":16,"column":0},"end":{"line":16,"column":33}},"16":{"start":{"line":17,"column":0},"end":{"line":17,"column":52}},"17":{"start":{"line":18,"column":0},"end":{"line":18,"column":16}},"18":{"start":{"line":19,"column":0},"end":{"line":19,"column":2}},"20":{"start":{"line":21,"column":0},"end":{"line":21,"column":31}},"21":{"start":{"line":22,"column":0},"end":{"line":22,"column":15}},"22":{"start":{"line":23,"column":0},"end":{"line":23,"column":15}},"23":{"start":{"line":24,"column":0},"end":{"line":24,"column":13}},"24":{"start":{"line":25,"column":0},"end":{"line":25,"column":84}},"25":{"start":{"line":26,"column":0},"end":{"line":26,"column":130}},"26":{"start":{"line":27,"column":0},"end":{"line":27,"column":60}},"27":{"start":{"line":28,"column":0},"end":{"line":28,"column":6}},"28":{"start":{"line":29,"column":0},"end":{"line":29,"column":59}},"29":{"start":{"line":30,"column":0},"end":{"line":30,"column":68}},"30":{"start":{"line":31,"column":0},"end":{"line":31,"column":17}},"31":{"start":{"line":32,"column":0},"end":{"line":32,"column":41}},"32":{"start":{"line":33,"column":0},"end":{"line":33,"column":62}},"33":{"start":{"line":34,"column":0},"end":{"line":34,"column":7}},"34":{"start":{"line":35,"column":0},"end":{"line":35,"column":6}},"35":{"start":{"line":36,"column":0},"end":{"line":36,"column":59}},"36":{"start":{"line":37,"column":0},"end":{"line":37,"column":77}},"37":{"start":{"line":38,"column":0},"end":{"line":38,"column":60}},"38":{"start":{"line":39,"column":0},"end":{"line":39,"column":6}},"39":{"start":{"line":40,"column":0},"end":{"line":40,"column":82}},"40":{"start":{"line":41,"column":0},"end":{"line":41,"column":36}},"41":{"start":{"line":42,"column":0},"end":{"line":42,"column":6}},"42":{"start":{"line":43,"column":0},"end":{"line":43,"column":104}},"43":{"start":{"line":44,"column":0},"end":{"line":44,"column":63}},"44":{"start":{"line":45,"column":0},"end":{"line":45,"column":61}},"45":{"start":{"line":46,"column":0},"end":{"line":46,"column":57}},"46":{"start":{"line":47,"column":0},"end":{"line":47,"column":60}},"47":{"start":{"line":48,"column":0},"end":{"line":48,"column":6}},"48":{"start":{"line":49,"column":0},"end":{"line":49,"column":36}},"49":{"start":{"line":50,"column":0},"end":{"line":50,"column":34}},"50":{"start":{"line":51,"column":0},"end":{"line":51,"column":33}},"51":{"start":{"line":52,"column":0},"end":{"line":52,"column":34}},"52":{"start":{"line":53,"column":0},"end":{"line":53,"column":77}},"53":{"start":{"line":54,"column":0},"end":{"line":54,"column":9}},"54":{"start":{"line":55,"column":0},"end":{"line":55,"column":60}},"55":{"start":{"line":56,"column":0},"end":{"line":56,"column":6}},"56":{"start":{"line":57,"column":0},"end":{"line":57,"column":36}},"57":{"start":{"line":58,"column":0},"end":{"line":58,"column":29}},"58":{"start":{"line":59,"column":0},"end":{"line":59,"column":46}},"59":{"start":{"line":60,"column":0},"end":{"line":60,"column":54}},"60":{"start":{"line":61,"column":0},"end":{"line":61,"column":8}},"61":{"start":{"line":62,"column":0},"end":{"line":62,"column":60}},"62":{"start":{"line":63,"column":0},"end":{"line":63,"column":6}},"63":{"start":{"line":64,"column":0},"end":{"line":64,"column":4}},"64":{"start":{"line":65,"column":0},"end":{"line":65,"column":3}},"66":{"start":{"line":67,"column":0},"end":{"line":67,"column":134}},"67":{"start":{"line":68,"column":0},"end":{"line":68,"column":33}}},"s":{"0":1,"1":1,"15":1,"16":1,"17":1,"18":1,"20":1,"21":1,"22":1,"23":1,"24":1,"25":0,"26":0,"27":0,"28":1,"29":1,"30":1,"31":1,"32":1,"33":1,"34":1,"35":1,"36":1,"37":1,"38":1,"39":1,"40":1,"41":1,"42":1,"43":1,"44":1,"45":1,"46":1,"47":1,"48":1,"49":1,"50":3,"51":3,"52":1,"53":1,"54":1,"55":1,"56":1,"57":4,"58":4,"59":2,"60":4,"61":4,"62":4,"63":1,"64":1,"66":1,"67":1},"branchMap":{"0":{"type":"branch","line":29,"loc":{"start":{"line":29,"column":16},"end":{"line":35,"column":6}},"locations":[{"start":{"line":29,"column":16},"end":{"line":35,"column":6}}]},"1":{"type":"branch","line":30,"loc":{"start":{"line":30,"column":36},"end":{"line":30,"column":66}},"locations":[{"start":{"line":30,"column":36},"end":{"line":30,"column":66}}]},"2":{"type":"branch","line":36,"loc":{"start":{"line":36,"column":16},"end":{"line":39,"column":6}},"locations":[{"start":{"line":36,"column":16},"end":{"line":39,"column":6}}]},"3":{"type":"branch","line":37,"loc":{"start":{"line":37,"column":39},"end":{"line":37,"column":75}},"locations":[{"start":{"line":37,"column":39},"end":{"line":37,"column":75}}]},"4":{"type":"branch","line":40,"loc":{"start":{"line":40,"column":15},"end":{"line":42,"column":6}},"locations":[{"start":{"line":40,"column":15},"end":{"line":42,"column":6}}]},"5":{"type":"branch","line":43,"loc":{"start":{"line":43,"column":18},"end":{"line":48,"column":6}},"locations":[{"start":{"line":43,"column":18},"end":{"line":48,"column":6}}]},"6":{"type":"branch","line":49,"loc":{"start":{"line":49,"column":24},"end":{"line":56,"column":6}},"locations":[{"start":{"line":49,"column":24},"end":{"line":56,"column":6}}]},"7":{"type":"branch","line":50,"loc":{"start":{"line":50,"column":23},"end":{"line":54,"column":7}},"locations":[{"start":{"line":50,"column":23},"end":{"line":54,"column":7}}]},"8":{"type":"branch","line":51,"loc":{"start":{"line":51,"column":24},"end":{"line":51,"column":33}},"locations":[{"start":{"line":51,"column":24},"end":{"line":51,"column":33}}]},"9":{"type":"branch","line":51,"loc":{"start":{"line":51,"column":31},"end":{"line":52,"column":31}},"locations":[{"start":{"line":51,"column":31},"end":{"line":52,"column":31}}]},"10":{"type":"branch","line":52,"loc":{"start":{"line":52,"column":24},"end":{"line":52,"column":34}},"locations":[{"start":{"line":52,"column":24},"end":{"line":52,"column":34}}]},"11":{"type":"branch","line":52,"loc":{"start":{"line":52,"column":31},"end":{"line":53,"column":77}},"locations":[{"start":{"line":52,"column":31},"end":{"line":53,"column":77}}]},"12":{"type":"branch","line":57,"loc":{"start":{"line":57,"column":24},"end":{"line":63,"column":6}},"locations":[{"start":{"line":57,"column":24},"end":{"line":63,"column":6}}]},"13":{"type":"branch","line":59,"loc":{"start":{"line":59,"column":39},"end":{"line":60,"column":54}},"locations":[{"start":{"line":59,"column":39},"end":{"line":60,"column":54}}]}},"b":{"0":[1],"1":[1],"2":[1],"3":[1],"4":[1],"5":[1],"6":[1],"7":[3],"8":[2],"9":[1],"10":[0],"11":[1],"12":[4],"13":[2]},"fnMap":{"0":{"name":"addTask","decl":{"start":{"line":25,"column":13},"end":{"line":28,"column":6}},"loc":{"start":{"line":25,"column":13},"end":{"line":28,"column":6}},"line":25},"1":{"name":"toggleTask","decl":{"start":{"line":29,"column":16},"end":{"line":35,"column":6}},"loc":{"start":{"line":29,"column":16},"end":{"line":35,"column":6}},"line":29},"2":{"name":"deleteTask","decl":{"start":{"line":36,"column":16},"end":{"line":39,"column":6}},"loc":{"start":{"line":36,"column":16},"end":{"line":39,"column":6}},"line":36},"3":{"name":"setFilter","decl":{"start":{"line":40,"column":15},"end":{"line":42,"column":6}},"loc":{"start":{"line":40,"column":15},"end":{"line":42,"column":6}},"line":40},"4":{"name":"reorderTasks","decl":{"start":{"line":43,"column":18},"end":{"line":48,"column":6}},"loc":{"start":{"line":43,"column":18},"end":{"line":48,"column":6}},"line":43},"5":{"name":"sortTasksByDueDate","decl":{"start":{"line":49,"column":24},"end":{"line":56,"column":6}},"loc":{"start":{"line":49,"column":24},"end":{"line":56,"column":6}},"line":49},"6":{"name":"deleteExpiredTasks","decl":{"start":{"line":57,"column":24},"end":{"line":63,"column":6}},"loc":{"start":{"line":57,"column":24},"end":{"line":63,"column":6}},"line":57}},"f":{"0":0,"1":1,"2":1,"3":1,"4":1,"5":1,"6":4}}
,"/Users/lazarimr/code/nqode-todoapp/src/utils/localStorage.ts": {"path":"/Users/lazarimr/code/nqode-todoapp/src/utils/localStorage.ts","all":false,"statementMap":{"0":{"start":{"line":1,"column":0},"end":{"line":1,"column":73}},"1":{"start":{"line":2,"column":0},"end":{"line":2,"column":9}},"2":{"start":{"line":3,"column":0},"end":{"line":3,"column":47}},"3":{"start":{"line":4,"column":0},"end":{"line":4,"column":54}},"4":{"start":{"line":5,"column":0},"end":{"line":5,"column":21}},"5":{"start":{"line":6,"column":0},"end":{"line":6,"column":73}},"6":{"start":{"line":7,"column":0},"end":{"line":7,"column":28}},"7":{"start":{"line":8,"column":0},"end":{"line":8,"column":5}},"8":{"start":{"line":9,"column":0},"end":{"line":9,"column":2}},"10":{"start":{"line":11,"column":0},"end":{"line":11,"column":63}},"11":{"start":{"line":12,"column":0},"end":{"line":12,"column":9}},"12":{"start":{"line":13,"column":0},"end":{"line":13,"column":57}},"13":{"start":{"line":14,"column":0},"end":{"line":14,"column":21}},"14":{"start":{"line":15,"column":0},"end":{"line":15,"column":73}},"15":{"start":{"line":16,"column":0},"end":{"line":16,"column":5}},"16":{"start":{"line":17,"column":0},"end":{"line":17,"column":2}},"18":{"start":{"line":19,"column":0},"end":{"line":19,"column":52}},"19":{"start":{"line":20,"column":0},"end":{"line":20,"column":9}},"20":{"start":{"line":21,"column":0},"end":{"line":21,"column":37}},"21":{"start":{"line":22,"column":0},"end":{"line":22,"column":21}},"22":{"start":{"line":23,"column":0},"end":{"line":23,"column":74}},"23":{"start":{"line":24,"column":0},"end":{"line":24,"column":5}},"24":{"start":{"line":25,"column":0},"end":{"line":25,"column":2}}},"s":{"0":1,"1":9,"2":9,"3":9,"4":9,"5":1,"6":1,"7":1,"8":9,"10":1,"11":4,"12":4,"13":4,"14":0,"15":0,"16":4,"18":1,"19":1,"20":1,"21":1,"22":0,"23":0,"24":1},"branchMap":{"0":{"type":"branch","line":1,"loc":{"start":{"line":1,"column":31},"end":{"line":9,"column":2}},"locations":[{"start":{"line":1,"column":31},"end":{"line":9,"column":2}}]},"1":{"type":"branch","line":4,"loc":{"start":{"line":4,"column":15},"end":{"line":4,"column":41}},"locations":[{"start":{"line":4,"column":15},"end":{"line":4,"column":41}}]},"2":{"type":"branch","line":4,"loc":{"start":{"line":4,"column":37},"end":{"line":4,"column":54}},"locations":[{"start":{"line":4,"column":37},"end":{"line":4,"column":54}}]},"3":{"type":"branch","line":5,"loc":{"start":{"line":5,"column":4},"end":{"line":8,"column":5}},"locations":[{"start":{"line":5,"column":4},"end":{"line":8,"column":5}}]},"4":{"type":"branch","line":11,"loc":{"start":{"line":11,"column":31},"end":{"line":17,"column":2}},"locations":[{"start":{"line":11,"column":31},"end":{"line":17,"column":2}}]},"5":{"type":"branch","line":14,"loc":{"start":{"line":14,"column":4},"end":{"line":16,"column":5}},"locations":[{"start":{"line":14,"column":4},"end":{"line":16,"column":5}}]},"6":{"type":"branch","line":19,"loc":{"start":{"line":19,"column":34},"end":{"line":25,"column":2}},"locations":[{"start":{"line":19,"column":34},"end":{"line":25,"column":2}}]},"7":{"type":"branch","line":22,"loc":{"start":{"line":22,"column":4},"end":{"line":24,"column":5}},"locations":[{"start":{"line":22,"column":4},"end":{"line":24,"column":5}}]}},"b":{"0":[9],"1":[2],"2":[7],"3":[1],"4":[4],"5":[0],"6":[1],"7":[0]},"fnMap":{"0":{"name":"getLocalStorage","decl":{"start":{"line":1,"column":31},"end":{"line":9,"column":2}},"loc":{"start":{"line":1,"column":31},"end":{"line":9,"column":2}},"line":1},"1":{"name":"setLocalStorage","decl":{"start":{"line":11,"column":31},"end":{"line":17,"column":2}},"loc":{"start":{"line":11,"column":31},"end":{"line":17,"column":2}},"line":11},"2":{"name":"removeLocalStorage","decl":{"start":{"line":19,"column":34},"end":{"line":25,"column":2}},"loc":{"start":{"line":19,"column":34},"end":{"line":25,"column":2}},"line":19}},"f":{"0":9,"1":4,"2":1}}
}
